# JRE version: OpenJDK Runtime Environment Temurin-17.0.7+7 (17.0.7+7) (build 17.0.7+7)
# Java VM: OpenJDK 64-Bit Server VM Temurin-17.0.7+7 (17.0.7+7, mixed mode, tiered, compressed oops, compressed class ptrs, g1 gc, windows-amd64)
GC Precious Log:
 CPUs: 8 total, 8 available
 Memory: 6091M
 Large Page Support: Disabled
 NUMA Support: Disabled
 Compressed Oops: Enabled (32-bit)
 Heap Region Size: 1M
 Heap Min Capacity: 8M
 Heap Initial Capacity: 96M
 Heap Max Capacity: 1524M
 Pre-touch: Disabled
 Parallel Workers: 8
 Concurrent Workers: 2
 Concurrent Refinement Workers: 8
 Periodic GC: Disabled
Heap:
 garbage-first heap   total 196608K, used 1117K [0x00000000a0c00000, 0x0000000100000000)
  region size 1024K, 2 young (2048K), 2 survivors (2048K)
 Metaspace       used 6458K, committed 6592K, reserved 1114112K
  class space    used 538K, committed 576K, reserved 1048576K
GC Heap History (19 events):
Event: 11.509 GC heap before
{Heap before GC invocations=0 (full 0):
 garbage-first heap   total 98304K, used 23552K [0x00000000a0c00000, 0x0000000100000000)
  region size 1024K, 23 young (23552K), 0 survivors (0K)
 Metaspace       used 6458K, committed 6592K, reserved 1114112K
  class space    used 538K, committed 576K, reserved 1048576K
}
Event: 11.512 GC heap after
{Heap after GC invocations=1 (full 0):
 garbage-first heap   total 98304K, used 1152K [0x00000000a0c00000, 0x0000000100000000)
  region size 1024K, 2 young (2048K), 2 survivors (2048K)
 Metaspace       used 6458K, committed 6592K, reserved 1114112K
  class space    used 538K, committed 576K, reserved 1048576K
}
Event: 11.529 GC heap before
{Heap before GC invocations=1 (full 0):
 garbage-first heap   total 98304K, used 40064K [0x00000000a0c00000, 0x0000000100000000)
  region size 1024K, 40 young (40960K), 2 survivors (2048K)
 Metaspace       used 6458K, committed 6592K, reserved 1114112K
  class space    used 538K, committed 576K, reserved 1048576K
}
Event: 11.531 GC heap after
{Heap after GC invocations=2 (full 0):
 garbage-first heap   total 98304K, used 1024K [0x00000000a0c00000, 0x0000000100000000)
  region size 1024K, 1 young (1024K), 1 survivors (1024K)
 Metaspace       used 6458K, committed 6592K, reserved 1114112K
  class space    used 538K, committed 576K, reserved 1048576K
}
Event: 11.556 GC heap before
{Heap before GC invocations=2 (full 0):
 garbage-first heap   total 98304K, used 57344K [0x00000000a0c00000, 0x0000000100000000)
  region size 1024K, 57 young (58368K), 1 survivors (1024K)
 Metaspace       used 6458K, committed 6592K, reserved 1114112K
  class space    used 538K, committed 576K, reserved 1048576K
}
Event: 11.558 GC heap after
{Heap after GC invocations=3 (full 0):
 garbage-first heap   total 98304K, used 1024K [0x00000000a0c00000, 0x0000000100000000)
  region size 1024K, 1 young (1024K), 1 survivors (1024K)
 Metaspace       used 6458K, committed 6592K, reserved 1114112K
  class space    used 538K, committed 576K, reserved 1048576K
}
Event: 11.571 GC heap before
{Heap before GC invocations=3 (full 0):
 garbage-first heap   total 98304K, used 57344K [0x00000000a0c00000, 0x0000000100000000)
  region size 1024K, 57 young (58368K), 1 survivors (1024K)
 Metaspace       used 6458K, committed 6592K, reserved 1114112K
  class space    used 538K, committed 576K, reserved 1048576K
}
Event: 11.574 GC heap after
{Heap after GC invocations=4 (full 0):
 garbage-first heap   total 98304K, used 1018K [0x00000000a0c00000, 0x0000000100000000)
  region size 1024K, 1 young (1024K), 1 survivors (1024K)
 Metaspace       used 6458K, committed 6592K, reserved 1114112K
  class space    used 538K, committed 576K, reserved 1048576K
}
Event: 11.591 GC heap before
{Heap before GC invocations=4 (full 0):
 garbage-first heap   total 98304K, used 57338K [0x00000000a0c00000, 0x0000000100000000)
  region size 1024K, 57 young (58368K), 1 survivors (1024K)
 Metaspace       used 6458K, committed 6592K, reserved 1114112K
  class space    used 538K, committed 576K, reserved 1048576K
}
Event: 11.593 GC heap after
{Heap after GC invocations=5 (full 0):
 garbage-first heap   total 98304K, used 1117K [0x00000000a0c00000, 0x0000000100000000)
  region size 1024K, 2 young (2048K), 2 survivors (2048K)
 Metaspace       used 6458K, committed 6592K, reserved 1114112K
  class space    used 538K, committed 576K, reserved 1048576K
}
Event: 11.606 GC heap before
{Heap before GC invocations=5 (full 0):
 garbage-first heap   total 98304K, used 56413K [0x00000000a0c00000, 0x0000000100000000)
  region size 1024K, 57 young (58368K), 2 survivors (2048K)
 Metaspace       used 6458K, committed 6592K, reserved 1114112K
  class space    used 538K, committed 576K, reserved 1048576K
}
Event: 11.608 GC heap after
{Heap after GC invocations=6 (full 0):
 garbage-first heap   total 196608K, used 1115K [0x00000000a0c00000, 0x0000000100000000)
  region size 1024K, 2 young (2048K), 2 survivors (2048K)
 Metaspace       used 6458K, committed 6592K, reserved 1114112K
  class space    used 538K, committed 576K, reserved 1048576K
}
Event: 11.672 GC heap before
{Heap before GC invocations=6 (full 0):
 garbage-first heap   total 196608K, used 115803K [0x00000000a0c00000, 0x0000000100000000)
  region size 1024K, 115 young (117760K), 2 survivors (2048K)
 Metaspace       used 6458K, committed 6592K, reserved 1114112K
  class space    used 538K, committed 576K, reserved 1048576K
}
Event: 11.673 GC heap after
{Heap after GC invocations=7 (full 0):
 garbage-first heap   total 196608K, used 1024K [0x00000000a0c00000, 0x0000000100000000)
  region size 1024K, 1 young (1024K), 1 survivors (1024K)
 Metaspace       used 6458K, committed 6592K, reserved 1114112K
  class space    used 538K, committed 576K, reserved 1048576K
}
Event: 11.701 GC heap before
{Heap before GC invocations=7 (full 0):
 garbage-first heap   total 196608K, used 116736K [0x00000000a0c00000, 0x0000000100000000)
  region size 1024K, 115 young (117760K), 1 survivors (1024K)
 Metaspace       used 6458K, committed 6592K, reserved 1114112K
  class space    used 538K, committed 576K, reserved 1048576K
}
Event: 11.702 GC heap after
{Heap after GC invocations=8 (full 0):
 garbage-first heap   total 196608K, used 1070K [0x00000000a0c00000, 0x0000000100000000)
  region size 1024K, 2 young (2048K), 2 survivors (2048K)
 Metaspace       used 6458K, committed 6592K, reserved 1114112K
  class space    used 538K, committed 576K, reserved 1048576K
}
Event: 11.724 GC heap before
{Heap before GC invocations=8 (full 0):
 garbage-first heap   total 196608K, used 115758K [0x00000000a0c00000, 0x0000000100000000)
  region size 1024K, 115 young (117760K), 2 survivors (2048K)
 Metaspace       used 6458K, committed 6592K, reserved 1114112K
  class space    used 538K, committed 576K, reserved 1048576K
}
Event: 11.725 GC heap after
{Heap after GC invocations=9 (full 0):
 garbage-first heap   total 196608K, used 1070K [0x00000000a0c00000, 0x0000000100000000)
  region size 1024K, 2 young (2048K), 2 survivors (2048K)
 Metaspace       used 6458K, committed 6592K, reserved 1114112K
  class space    used 538K, committed 576K, reserved 1048576K
}
Event: 11.754 GC heap before
{Heap before GC invocations=9 (full 0):
 garbage-first heap   total 196608K, used 115758K [0x00000000a0c00000, 0x0000000100000000)
  region size 1024K, 115 young (117760K), 2 survivors (2048K)
 Metaspace       used 6458K, committed 6592K, reserved 1114112K
  class space    used 538K, committed 576K, reserved 1048576K
}

